<?xml version="1.0" encoding="UTF-8"?>
<!-- Generated by org.testng.reporters.JUnitReportReporter -->
<testsuite hostname="praveens-MacBook-Air.local" failures="0" tests="1" name="API.getTransactionHistory" time="4.211" errors="0" timestamp="2024-09-19T22:31:55 AST" skipped="0">
  <testcase classname="API.getTransactionHistory" name="getTransactionHistory" time="4.211"/>
</testsuite> <!-- API.getTransactionHistory -->
