<?xml version="1.0" encoding="UTF-8"?>
<!-- Generated by org.testng.reporters.JUnitReportReporter -->
<testsuite hostname="praveens-MacBook-Air.local" failures="0" tests="1" name="API.PayOut" time="4.149" errors="0" timestamp="2024-09-14T02:10:39 AST" skipped="0">
  <testcase classname="API.PayOut" name="verifyPayout" time="4.149"/>
</testsuite> <!-- API.PayOut -->
