<?xml version="1.0" encoding="UTF-8"?>
<!-- Generated by org.testng.reporters.JUnitReportReporter -->
<testsuite hostname="Webplat78" failures="0" tests="2" name="API.TC001_TransactionHistoryAPI" time="3.869" errors="0" timestamp="2024-09-28T19:09:01 IST" skipped="1">
  <testcase classname="API.TC001_TransactionHistoryAPI" name="transactionHistory_getAPIresp2" time="3.869"/>
  <testcase classname="API.TC001_TransactionHistoryAPI" name="transactionHistory_getAPIresp">
    <skipped/>
  </testcase> <!-- transactionHistory_getAPIresp -->
</testsuite> <!-- API.TC001_TransactionHistoryAPI -->
